TN:
SF:/Users/richard/Projects/rjrodger/gasta/dist/gasta.js
DA:1,1
DA:2,1
DA:3,1
DA:4,1
DA:5,1
DA:6,1
DA:7,1
DA:8,1
DA:9,1
DA:10,1
DA:11,1
DA:12,1
DA:13,1
DA:14,1
DA:15,1
DA:16,0
DA:17,1
DA:18,0
DA:19,1
DA:20,24
DA:21,24
DA:22,7
DA:23,18
DA:24,1
DA:25,7
DA:26,7
DA:27,1
DA:28,1
DA:29,0
DA:30,1
DA:31,0
DA:32,1
DA:33,1
DA:34,17
DA:35,1
DA:36,1
DA:37,1
DA:38,1
DA:39,0
DA:40,0
DA:41,4
DA:42,1
DA:43,12
DA:44,1
DA:45,1
DA:46,1
DA:47,1
DA:48,23
DA:49,13
DA:50,1
DA:51,10
DA:52,2
DA:53,1
DA:54,1
DA:55,1
DA:56,1
DA:57,1
DA:58,1
DA:59,1
DA:60,8
DA:61,8
DA:62,17
DA:63,17
DA:64,0
DA:65,1
DA:66,17
DA:67,1
DA:68,0
DA:69,4
DA:70,4
DA:71,1
DA:72,1
DA:73,4
DA:74,1
DA:75,17
DA:76,1
DA:77,1
DA:78,8
DA:79,7
DA:80,1
DA:81,1
DA:82,1
DA:83,1
DA:84,1
DA:85,1
DA:86,1
DA:87,1
DA:88,1
LF:72
LH:64
end_of_record
